SF:lib/src/catalog/bloc/catalog_bloc.dart
DA:13,2
DA:14,2
DA:15,4
DA:21,2
DA:23,2
DA:26,6
DA:27,2
DA:28,0
DA:31,2
DA:34,6
DA:35,2
DA:37,4
DA:39,0
LF:13
LH:11
end_of_record
SF:lib/src/catalog/bloc/catalog_events.dart
DA:6,2
DA:8,0
DA:9,0
DA:14,2
LF:4
LH:2
end_of_record
SF:lib/src/catalog/bloc/catalog_states.dart
DA:7,5
DA:9,2
DA:10,2
DA:15,3
DA:20,3
DA:26,2
DA:31,2
DA:32,4
DA:38,0
DA:43,0
DA:44,0
LF:11
LH:8
end_of_record
SF:lib/src/catalog/model/item_model.dart
DA:6,3
DA:30,2
DA:31,2
DA:32,2
DA:33,2
DA:34,4
DA:35,2
DA:36,2
DA:41,2
DA:42,2
DA:43,2
DA:44,2
DA:45,2
DA:46,2
DA:47,2
DA:52,0
DA:59,0
DA:60,0
DA:61,0
DA:62,0
DA:63,0
DA:64,0
DA:68,0
DA:69,0
DA:71,2
DA:72,8
LF:26
LH:17
end_of_record
SF:lib/src/cart/bloc/cart_bloc.dart
DA:10,6
DA:11,4
DA:12,4
DA:13,4
DA:14,4
DA:15,4
DA:16,4
DA:17,4
DA:20,2
DA:21,4
DA:22,2
DA:25,4
DA:27,14
DA:29,2
DA:30,0
DA:31,0
DA:32,0
DA:35,6
DA:39,4
DA:42,0
DA:43,0
DA:44,0
DA:47,0
DA:48,0
DA:49,0
DA:51,0
DA:54,2
DA:55,4
DA:56,2
DA:58,4
DA:59,0
DA:64,6
DA:65,8
DA:66,4
DA:68,2
DA:70,4
DA:73,2
DA:74,4
DA:75,2
DA:77,4
DA:80,6
DA:81,8
DA:82,2
DA:84,2
DA:86,4
DA:89,2
DA:90,4
DA:93,0
DA:94,0
DA:96,0
DA:99,0
DA:100,0
DA:102,0
DA:103,0
DA:104,0
DA:105,0
DA:106,0
DA:107,0
DA:109,0
DA:111,0
DA:113,0
DA:117,2
DA:119,2
DA:120,2
DA:121,10
LF:65
LH:40
end_of_record
SF:lib/src/cart/bloc/cart_events.dart
DA:8,2
DA:10,0
DA:11,0
DA:17,2
DA:22,0
DA:23,0
DA:29,0
DA:34,0
DA:35,0
DA:41,2
DA:49,0
DA:50,0
DA:56,2
DA:64,0
DA:65,0
DA:71,2
DA:77,0
DA:83,0
LF:18
LH:5
end_of_record
SF:lib/src/cart/bloc/cart_states.dart
DA:6,4
DA:11,0
DA:13,0
DA:14,0
DA:19,0
DA:23,0
DA:24,0
DA:29,4
DA:37,2
DA:42,2
DA:43,2
DA:45,2
DA:49,0
DA:53,0
DA:54,0
DA:55,0
DA:59,2
DA:60,6
LF:18
LH:8
end_of_record
SF:lib/src/cart/cart_model.dart
DA:7,2
DA:24,2
DA:25,14
DA:26,4
DA:30,0
DA:31,0
DA:32,0
DA:33,0
DA:34,0
DA:39,2
DA:40,2
DA:41,4
DA:42,2
DA:43,2
DA:48,2
DA:53,2
DA:54,2
DA:55,2
DA:56,2
DA:60,2
DA:61,8
DA:63,2
DA:65,10
DA:71,4
DA:97,2
DA:98,8
DA:99,2
DA:100,2
DA:102,2
DA:103,4
DA:104,4
DA:105,4
DA:106,2
DA:107,10
DA:111,0
DA:112,0
DA:114,2
DA:116,10
LF:38
LH:31
end_of_record
