SF:lib/src/catalog/bloc/catalog_bloc.dart
DA:13,1
DA:14,1
DA:15,2
DA:21,1
DA:23,1
DA:26,3
DA:27,1
DA:28,0
DA:31,1
DA:34,3
DA:35,1
DA:37,2
DA:39,3
LF:13
LH:12
end_of_record
SF:lib/src/catalog/bloc/catalog_events.dart
DA:7,1
DA:9,0
DA:10,0
DA:15,1
LF:4
LH:2
end_of_record
SF:lib/src/catalog/bloc/catalog_states.dart
DA:8,4
DA:10,1
DA:11,1
DA:16,3
DA:21,3
DA:27,2
DA:32,1
DA:33,2
DA:39,2
DA:44,1
DA:45,2
LF:11
LH:11
end_of_record
SF:lib/src/catalog/model/item_model.dart
DA:6,3
DA:30,1
DA:31,1
DA:32,1
DA:33,1
DA:34,2
DA:35,1
DA:36,1
DA:41,2
DA:42,2
DA:43,2
DA:44,2
DA:45,2
DA:46,2
DA:47,2
DA:52,1
DA:59,1
DA:60,1
DA:61,0
DA:62,0
DA:63,1
DA:64,1
DA:68,1
DA:69,6
DA:71,1
DA:72,4
LF:26
LH:24
end_of_record
SF:lib/src/cart/bloc/cart_bloc.dart
DA:11,3
DA:12,2
DA:13,2
DA:14,2
DA:15,2
DA:16,2
DA:17,2
DA:18,2
DA:23,1
DA:24,2
DA:26,1
DA:28,2
DA:30,7
DA:32,1
DA:33,0
DA:34,0
DA:35,0
DA:38,3
DA:41,2
DA:43,1
DA:47,0
DA:48,0
DA:50,0
DA:52,0
DA:53,0
DA:54,0
DA:56,0
DA:58,0
DA:62,1
DA:63,2
DA:65,2
DA:66,0
DA:70,1
DA:72,3
DA:73,4
DA:74,2
DA:77,1
DA:79,2
DA:81,1
DA:85,1
DA:86,2
DA:88,1
DA:90,2
DA:92,3
DA:93,4
DA:94,1
DA:97,1
DA:99,2
DA:101,1
DA:105,1
DA:106,2
DA:108,1
DA:110,2
DA:111,1
DA:116,0
DA:117,0
DA:120,0
DA:121,0
DA:124,0
DA:127,0
DA:128,0
DA:130,0
DA:131,0
DA:132,0
DA:133,0
DA:135,0
DA:136,0
DA:138,0
DA:140,0
DA:142,0
DA:146,1
DA:148,1
DA:149,1
DA:150,1
DA:151,3
DA:152,2
DA:153,1
DA:154,1
DA:156,1
LF:79
LH:51
end_of_record
SF:lib/src/cart/bloc/cart_events.dart
DA:8,2
DA:10,0
DA:11,0
DA:17,1
DA:22,0
DA:23,0
DA:29,0
DA:34,0
DA:35,0
DA:41,1
DA:49,0
DA:50,0
DA:56,1
DA:64,0
DA:65,0
DA:71,1
DA:77,0
DA:83,0
LF:18
LH:5
end_of_record
SF:lib/src/cart/bloc/cart_states.dart
DA:6,2
DA:11,0
DA:13,0
DA:14,0
DA:19,0
DA:23,0
DA:24,0
DA:29,2
DA:37,1
DA:42,0
DA:43,0
DA:45,0
DA:49,1
DA:53,1
DA:54,0
DA:55,0
DA:59,1
DA:60,3
DA:64,0
DA:76,0
DA:77,0
LF:21
LH:7
end_of_record
SF:lib/src/cart/cart_model.dart
DA:7,1
DA:24,1
DA:25,7
DA:26,2
DA:30,1
DA:35,1
DA:36,1
DA:37,1
DA:38,1
DA:42,1
DA:43,4
DA:45,1
DA:47,5
DA:53,2
DA:76,1
DA:77,4
DA:78,1
DA:79,1
DA:81,1
DA:82,2
DA:83,2
DA:84,2
DA:88,0
DA:89,0
DA:91,1
DA:93,4
LF:26
LH:24
end_of_record
